[    0.000000] Linux version 4.15.0-193-generic (buildd@lcy02-amd64-022) (gcc version 7.5.0 (Ubuntu 7.5.0-3ubuntu1~18.04)) #204-Ubuntu SMP Fri Aug 26 19:20:21 UTC 2022 (Ubuntu 4.15.0-193.204-generic 4.15.18)
[    0.000000] Command line: BOOT_IMAGE=/boot/vmlinuz-4.15.0-193-generic root=LABEL=cloudimg-rootfs ro console=tty1 console=ttyS0
[    0.000000] KERNEL supported cpus:
[    0.000000]   Intel GenuineIntel
[    0.000000]   AMD AuthenticAMD
[    0.000000]   Centaur CentaurHauls
[    0.000000] [Firmware Bug]: TSC doesn't count with P0 frequency!
[    0.000000] x86/fpu: x87 FPU will use FXSAVE
[    0.000000] e820: BIOS-provided physical RAM map:
[    0.000000] BIOS-e820: [mem 0x0000000000000000-0x000000000009fbff] usable
[    0.000000] BIOS-e820: [mem 0x000000000009fc00-0x000000000009ffff] reserved
[    0.000000] BIOS-e820: [mem 0x00000000000f0000-0x00000000000fffff] reserved
[    0.000000] BIOS-e820: [mem 0x0000000000100000-0x000000003ffeffff] usable
[    0.000000] BIOS-e820: [mem 0x000000003fff0000-0x000000003fffffff] ACPI data
[    0.000000] BIOS-e820: [mem 0x00000000fec00000-0x00000000fec00fff] reserved
[    0.000000] BIOS-e820: [mem 0x00000000fee00000-0x00000000fee00fff] reserved
[    0.000000] BIOS-e820: [mem 0x00000000fffc0000-0x00000000ffffffff] reserved
[    0.000000] NX (Execute Disable) protection: active
[    0.000000] SMBIOS 2.5 present.
[    0.000000] DMI: innotek GmbH VirtualBox/VirtualBox, BIOS VirtualBox 12/01/2006
[    0.000000] Hypervisor detected: KVM
[    0.000000] e820: last_pfn = 0x3fff0 max_arch_pfn = 0x400000000
[    0.000000] MTRR: Disabled
[    0.000000] x86/PAT: MTRRs disabled, skipping PAT initialization too.
[    0.000000] CPU MTRRs all blank - virtualized system.
[    0.000000] x86/PAT: Configuration [0-7]: WB  WT  UC- UC  WB  WT  UC- UC  
[    0.000000] found SMP MP-table at [mem 0x0009fff0-0x0009ffff]
[    0.000000] Scanning 1 areas for low memory corruption
[    0.000000] RAMDISK: [mem 0x359cb000-0x36cdcfff]
[    0.000000] ACPI: Early table checksum verification disabled
[    0.000000] ACPI: RSDP 0x00000000000E0000 000024 (v02 VBOX  )
[    0.000000] ACPI: XSDT 0x000000003FFF0030 00003C (v01 VBOX   VBOXXSDT 00000001 ASL  00000061)
[    0.000000] ACPI: FACP 0x000000003FFF00F0 0000F4 (v04 VBOX   VBOXFACP 00000001 ASL  00000061)
[    0.000000] ACPI: DSDT 0x000000003FFF0470 002325 (v02 VBOX   VBOXBIOS 00000002 INTL 20100528)
[    0.000000] ACPI: FACS 0x000000003FFF0200 000040
[    0.000000] ACPI: FACS 0x000000003FFF0200 000040
[    0.000000] ACPI: APIC 0x000000003FFF0240 00005C (v02 VBOX   VBOXAPIC 00000001 ASL  00000061)
[    0.000000] ACPI: SSDT 0x000000003FFF02A0 0001CC (v01 VBOX   VBOXCPUT 00000002 INTL 20100528)
[    0.000000] ACPI: Reserving FACP table memory at [mem 0x3fff00f0-0x3fff01e3]
[    0.000000] ACPI: Reserving DSDT table memory at [mem 0x3fff0470-0x3fff2794]
[    0.000000] ACPI: Reserving FACS table memory at [mem 0x3fff0200-0x3fff023f]
[    0.000000] ACPI: Reserving FACS table memory at [mem 0x3fff0200-0x3fff023f]
[    0.000000] ACPI: Reserving APIC table memory at [mem 0x3fff0240-0x3fff029b]
[    0.000000] ACPI: Reserving SSDT table memory at [mem 0x3fff02a0-0x3fff046b]
[    0.000000] No NUMA configuration found
[    0.000000] Faking a node at [mem 0x0000000000000000-0x000000003ffeffff]
[    0.000000] NODE_DATA(0) allocated [mem 0x3ffc5000-0x3ffeffff]
[    0.000000] kvm-clock: cpu 0, msr 0:3ff44001, primary cpu clock
[    0.000000] kvm-clock: Using msrs 4b564d01 and 4b564d00
[    0.000000] kvm-clock: using sched offset of 3382742571 cycles
[    0.000000] clocksource: kvm-clock: mask: 0xffffffffffffffff max_cycles: 0x1cd42e4dffb, max_idle_ns: 881590591483 ns
[    0.000000] Zone ranges:
[    0.000000]   DMA      [mem 0x0000000000001000-0x0000000000ffffff]
[    0.000000]   DMA32    [mem 0x0000000001000000-0x000000003ffeffff]
[    0.000000]   Normal   empty
[    0.000000]   Device   empty
[    0.000000] Movable zone start for each node
[    0.000000] Early memory node ranges
[    0.000000]   node   0: [mem 0x0000000000001000-0x000000000009efff]
[    0.000000]   node   0: [mem 0x0000000000100000-0x000000003ffeffff]
[    0.000000] Reserved but unavailable: 104 pages
[    0.000000] Initmem setup node 0 [mem 0x0000000000001000-0x000000003ffeffff]
[    0.000000] ACPI: PM-Timer IO Port: 0x4008
[    0.000000] IOAPIC[0]: apic_id 2, version 32, address 0xfec00000, GSI 0-23
[    0.000000] ACPI: INT_SRC_OVR (bus 0 bus_irq 0 global_irq 2 dfl dfl)
[    0.000000] ACPI: INT_SRC_OVR (bus 0 bus_irq 9 global_irq 9 low level)
[    0.000000] Using ACPI (MADT) for SMP configuration information
[    0.000000] smpboot: Allowing 2 CPUs, 0 hotplug CPUs
[    0.000000] PM: Registered nosave memory: [mem 0x00000000-0x00000fff]
[    0.000000] PM: Registered nosave memory: [mem 0x0009f000-0x0009ffff]
[    0.000000] PM: Registered nosave memory: [mem 0x000a0000-0x000effff]
[    0.000000] PM: Registered nosave memory: [mem 0x000f0000-0x000fffff]
[    0.000000] e820: [mem 0x40000000-0xfebfffff] available for PCI devices
[    0.000000] Booting paravirtualized kernel on KVM
[    0.000000] clocksource: refined-jiffies: mask: 0xffffffff max_cycles: 0xffffffff, max_idle_ns: 7645519600211568 ns
[    0.000000] random: get_random_bytes called from start_kernel+0x99/0x500 with crng_init=0
[    0.000000] setup_percpu: NR_CPUS:8192 nr_cpumask_bits:2 nr_cpu_ids:2 nr_node_ids:1
[    0.000000] percpu: Embedded 50 pages/cpu s167936 r8192 d28672 u1048576
[    0.000000] PV qspinlock hash table entries: 256 (order: 0, 4096 bytes)
[    0.000000] Built 1 zonelists, mobility grouping on.  Total pages: 257913
[    0.000000] Policy zone: DMA32
[    0.000000] Kernel command line: BOOT_IMAGE=/boot/vmlinuz-4.15.0-193-generic root=LABEL=cloudimg-rootfs ro console=tty1 console=ttyS0
[    0.000000] Memory: 982648K/1048120K available (12300K kernel code, 2484K rwdata, 4324K rodata, 2468K init, 2724K bss, 65472K reserved, 0K cma-reserved)
[    0.000000] SLUB: HWalign=64, Order=0-3, MinObjects=0, CPUs=2, Nodes=1
[    0.000000] ftrace: allocating 39483 entries in 155 pages
[    0.004000] Hierarchical RCU implementation.
[    0.004000] 	RCU restricting CPUs from NR_CPUS=8192 to nr_cpu_ids=2.
[    0.004000] 	Tasks RCU enabled.
[    0.004000] RCU: Adjusting geometry for rcu_fanout_leaf=16, nr_cpu_ids=2
[    0.004000] NR_IRQS: 524544, nr_irqs: 440, preallocated irqs: 16
[    0.004000] Console: colour VGA+ 80x25
[    0.004000] console [tty1] enabled
[    0.004000] console [ttyS0] enabled
[    0.004000] ACPI: Core revision 20170831
[    0.004000] ACPI: 2 ACPI AML tables successfully acquired and loaded
[    0.004000] APIC: Switch to symmetric I/O mode setup
[    0.004000] ..TIMER: vector=0x30 apic1=0 pin1=2 apic2=-1 pin2=-1
[    0.004000] tsc: Detected 3193.884 MHz processor
[    0.004000] Calibrating delay loop (skipped) preset value.. 6387.76 BogoMIPS (lpj=12775536)
[    0.004000] pid_max: default: 32768 minimum: 301
[    0.004000] Security Framework initialized
[    0.004000] Yama: becoming mindful.
[    0.004000] AppArmor: AppArmor initialized
[    0.004000] Dentry cache hash table entries: 131072 (order: 8, 1048576 bytes)
[    0.004000] Inode-cache hash table entries: 65536 (order: 7, 524288 bytes)
[    0.004000] Mount-cache hash table entries: 2048 (order: 2, 16384 bytes)
[    0.004000] Mountpoint-cache hash table entries: 2048 (order: 2, 16384 bytes)
[    0.004000] Last level iTLB entries: 4KB 512, 2MB 512, 4MB 256
[    0.004000] Last level dTLB entries: 4KB 2048, 2MB 2048, 4MB 1024, 1GB 0
[    0.004000] Spectre V1 : Mitigation: usercopy/swapgs barriers and __user pointer sanitization
[    0.004004] Spectre V2 : Mitigation: Retpolines
[    0.005745] Spectre V2 : Spectre v2 / SpectreRSB mitigation: Filling RSB on context switch
[    0.008141] Freeing SMP alternatives memory: 36K
[    0.142320] APIC calibration not consistent with PM-Timer: 118ms instead of 100ms
[    0.144000] APIC delta adjusted to PM-Timer: 6306128 (7464121)
[    0.144189] smpboot: CPU0: AMD Ryzen 7 5800H with Radeon Graphics (family: 0x19, model: 0x50, stepping: 0x0)
[    0.148143] Performance Events: PMU not available due to virtualization, using software events only.
[    0.151660] Hierarchical SRCU implementation.
[    0.152543] NMI watchdog: Perf event create on CPU 0 failed with -2
[    0.156001] NMI watchdog: Perf NMI watchdog permanently disabled
[    0.158464] smp: Bringing up secondary CPUs ...
[    0.160414] x86: Booting SMP configuration:
[    0.162151] .... node  #0, CPUs:      #1
[    0.004000] kvm-clock: cpu 1, msr 0:3ff44041, secondary cpu clock
[    0.168000] TSC synchronization [CPU#0 -> CPU#1]:
[    0.168000] Measured 72097 cycles TSC warp between CPUs, turning off TSC clock.
[    0.168000] tsc: Marking TSC unstable due to check_tsc_sync_source failed
[    0.168059] smp: Brought up 1 node, 2 CPUs
[    0.169721] smpboot: Max logical packages: 1
[    0.172004] smpboot: Total of 2 processors activated (12775.53 BogoMIPS)
[    0.174476] devtmpfs: initialized
[    0.176157] x86/mm: Memory block size: 128MB
[    0.177983] evm: security.selinux
[    0.180001] evm: security.SMACK64
[    0.181420] evm: security.SMACK64EXEC
[    0.184001] evm: security.SMACK64TRANSMUTE
[    0.185595] evm: security.SMACK64MMAP
[    0.188001] evm: security.apparmor
[    0.189408] evm: security.ima
[    0.192001] evm: security.capability
[    0.193532] clocksource: jiffies: mask: 0xffffffff max_cycles: 0xffffffff, max_idle_ns: 7645041785100000 ns
[    0.196006] futex hash table entries: 512 (order: 3, 32768 bytes)
[    0.200162] pinctrl core: initialized pinctrl subsystem
[    0.204191] RTC time: 14:41:37, date: 10/11/22
[    0.208561] NET: Registered protocol family 16
[    0.210348] audit: initializing netlink subsys (disabled)
[    0.212144] audit: type=2000 audit(1665499302.726:1): state=initialized audit_enabled=0 res=1
[    0.216049] cpuidle: using governor ladder
[    0.217671] cpuidle: using governor menu
[    0.221081] ACPI: bus type PCI registered
[    0.221522] acpiphp: ACPI Hot Plug PCI Controller Driver version: 0.5
[    0.224252] PCI: Using configuration type 1 for base access
[    0.226260] PCI: Using configuration type 1 for extended access
[    0.228818] HugeTLB registered 2.00 MiB page size, pre-allocated 0 pages
[    0.232212] ACPI: Added _OSI(Module Device)
[    0.236048] ACPI: Added _OSI(Processor Device)
[    0.237786] ACPI: Added _OSI(3.0 _SCP Extensions)
[    0.240002] ACPI: Added _OSI(Processor Aggregator Device)
[    0.242030] ACPI: Added _OSI(Linux-Dell-Video)
[    0.244011] ACPI: Added _OSI(Linux-Lenovo-NV-HDMI-Audio)
[    0.246020] ACPI: Added _OSI(Linux-HPI-Hybrid-Graphics)
[    0.248445] ACPI: Executed 1 blocks of module-level executable AML code
[    0.254553] ACPI: Interpreter enabled
[    0.256009] ACPI: (supports S0 S5)
[    0.257366] ACPI: Using IOAPIC for interrupt routing
[    0.260168] PCI: Using host bridge windows from ACPI; if necessary, use "pci=nocrs" and report a bug
[    0.263492] ACPI: Enabled 2 GPEs in block 00 to 07
[    0.270061] ACPI: PCI Root Bridge [PCI0] (domain 0000 [bus 00-ff])
[    0.272005] acpi PNP0A03:00: _OSC: OS supports [ExtendedConfig ASPM ClockPM Segments MSI]
[    0.272330] acpi PNP0A03:00: _OSC: platform does not support [PCIeCapability]
[    0.275324] acpi PNP0A03:00: _OSC: not requesting control; platform does not support [PCIeCapability]
[    0.280003] acpi PNP0A03:00: _OSC: OS requested [PCIeHotplug PME AER PCIeCapability]
[    0.284003] acpi PNP0A03:00: _OSC: platform willing to grant [PCIeHotplug PME AER]
[    0.288002] acpi PNP0A03:00: _OSC failed (AE_SUPPORT); disabling ASPM
[    0.290666] PCI host bridge to bus 0000:00
[    0.292003] pci_bus 0000:00: root bus resource [io  0x0000-0x0cf7 window]
[    0.294452] pci_bus 0000:00: root bus resource [io  0x0d00-0xffff window]
[    0.296002] pci_bus 0000:00: root bus resource [mem 0x000a0000-0x000bffff window]
[    0.300002] pci_bus 0000:00: root bus resource [mem 0x40000000-0xfdffffff window]
[    0.302654] pci_bus 0000:00: root bus resource [bus 00-ff]
[    0.306766] pci 0000:00:01.1: legacy IDE quirk: reg 0x10: [io  0x01f0-0x01f7]
[    0.308005] pci 0000:00:01.1: legacy IDE quirk: reg 0x14: [io  0x03f6]
[    0.312002] pci 0000:00:01.1: legacy IDE quirk: reg 0x18: [io  0x0170-0x0177]
[    0.314489] pci 0000:00:01.1: legacy IDE quirk: reg 0x1c: [io  0x0376]
[    0.323372] pci 0000:00:07.0: quirk: [io  0x4000-0x403f] claimed by PIIX4 ACPI
[    0.328017] pci 0000:00:07.0: quirk: [io  0x4100-0x410f] claimed by PIIX4 SMB
[    0.336398] ACPI: PCI Interrupt Link [LNKA] (IRQs 5 9 10 *11)
[    0.338773] ACPI: PCI Interrupt Link [LNKB] (IRQs 5 9 *10 11)
[    0.340101] ACPI: PCI Interrupt Link [LNKC] (IRQs 5 *9 10 11)
[    0.342273] ACPI: PCI Interrupt Link [LNKD] (IRQs 5 9 10 *11)
[    0.344388] SCSI subsystem initialized
[    0.345901] pci 0000:00:02.0: vgaarb: setting as boot VGA device
[    0.346212] pci 0000:00:02.0: vgaarb: VGA device added: decodes=io+mem,owns=io+mem,locks=none
[    0.352003] pci 0000:00:02.0: vgaarb: bridge control possible
[    0.354091] vgaarb: loaded
[    0.356014] ACPI: bus type USB registered
[    0.357562] usbcore: registered new interface driver usbfs
[    0.359590] usbcore: registered new interface driver hub
[    0.360007] usbcore: registered new device driver usb
[    0.364156] EDAC MC: Ver: 3.0.0
[    0.365659] PCI: Using ACPI for IRQ routing
[    0.368405] NetLabel: Initializing
[    0.369738] NetLabel:  domain hash size = 128
[    0.371362] NetLabel:  protocols = UNLABELED CIPSOv4 CALIPSO
[    0.372010] NetLabel:  unlabeled traffic allowed by default
[    0.376213] clocksource: Switched to clocksource kvm-clock
[    0.389385] VFS: Disk quotas dquot_6.6.0
[    0.389385] VFS: Dquot-cache hash table entries: 512 (order 0, 4096 bytes)
[    0.389385] AppArmor: AppArmor Filesystem Enabled
[    0.389385] pnp: PnP ACPI init
[    0.389385] pnp: PnP ACPI: found 3 devices
[    0.425718] clocksource: acpi_pm: mask: 0xffffff max_cycles: 0xffffff, max_idle_ns: 2085701024 ns
[    0.428779] NET: Registered protocol family 2
[    0.428787] IP idents hash table entries: 16384 (order: 5, 131072 bytes)
[    0.433095] TCP established hash table entries: 8192 (order: 4, 65536 bytes)
[    0.435647] TCP bind hash table entries: 8192 (order: 5, 131072 bytes)
[    0.438164] TCP: Hash tables configured (established 8192 bind 8192)
[    0.440613] UDP hash table entries: 512 (order: 2, 16384 bytes)
[    0.441951] UDP-Lite hash table entries: 512 (order: 2, 16384 bytes)
[    0.441951] NET: Registered protocol family 1
[    0.441951] pci 0000:00:00.0: Limiting direct PCI/PCI transfers
[    0.441951] pci 0000:00:01.0: Activating ISA DMA hang workarounds
[    0.441951] pci 0000:00:02.0: Video device with shadowed ROM at [mem 0x000c0000-0x000dffff]
[    0.441951] Unpacking initramfs...
[    0.441951] Freeing initrd memory: 19528K
[    0.441951] clocksource: tsc: mask: 0xffffffffffffffff max_cycles: 0x2e09b824089, max_idle_ns: 440795236103 ns
[    0.441951] platform rtc_cmos: registered platform RTC device (no PNP device found)
[    0.441951] Scanning for low memory corruption every 60 seconds
[    0.711310] Initialise system trusted keyrings
[    0.713021] Key type blacklist registered
[    0.715066] workingset: timestamp_bits=36 max_order=18 bucket_order=0
[    0.718340] zbud: loaded
[    0.720139] squashfs: version 4.0 (2009/01/31) Phillip Lougher
[    0.722853] fuse init (API version 7.26)
[    0.741578] Key type asymmetric registered
[    0.743371] Asymmetric key parser 'x509' registered
[    0.745446] Block layer SCSI generic (bsg) driver version 0.4 loaded (major 246)
[    0.748598] io scheduler noop registered
[    0.750166] io scheduler deadline registered
[    0.751726] io scheduler cfq registered (default)
[    0.753839] ACPI: AC Adapter [AC] (on-line)
[    0.755393] input: Power Button as /devices/LNXSYSTM:00/LNXPWRBN:00/input/input0
[    0.758269] ACPI: Power Button [PWRF]
[    0.759666] input: Sleep Button as /devices/LNXSYSTM:00/LNXSLPBN:00/input/input1
[    0.762355] ACPI: Sleep Button [SLPF]
[    0.765047] ACPI: Battery Slot [BAT0] (battery present)
[    0.767294] Serial: 8250/16550 driver, 32 ports, IRQ sharing enabled
[    0.793384] 00:02: ttyS0 at I/O 0x3f8 (irq = 4, base_baud = 115200) is a 16550A
[    0.802419] Linux agpgart interface v0.103
[    0.806718] loop: module loaded
[    0.809070] scsi host0: ata_piix
[    0.810577] scsi host1: ata_piix
[    0.811909] ata1: PATA max UDMA/33 cmd 0x1f0 ctl 0x3f6 bmdma 0xd000 irq 14
[    0.814646] ata2: PATA max UDMA/33 cmd 0x170 ctl 0x376 bmdma 0xd008 irq 15
[    0.817288] tun: Universal TUN/TAP device driver, 1.6
[    0.819444] PPP generic driver version 2.4.2
[    0.821323] ehci_hcd: USB 2.0 'Enhanced' Host Controller (EHCI) Driver
[    0.823681] ehci-pci: EHCI PCI platform driver
[    0.825530] ehci-platform: EHCI generic platform driver
[    0.827471] ohci_hcd: USB 1.1 'Open' Host Controller (OHCI) Driver
[    0.829815] ohci-pci: OHCI PCI platform driver
[    0.831528] ohci-platform: OHCI generic platform driver
[    0.833575] uhci_hcd: USB Universal Host Controller Interface driver
[    0.835933] i8042: PNP: PS/2 Controller [PNP0303:PS2K,PNP0f03:PS2M] at 0x60,0x64 irq 1,12
[    0.840731] serio: i8042 KBD port at 0x60,0x64 irq 1
[    0.842627] serio: i8042 AUX port at 0x60,0x64 irq 12
[    0.845100] mousedev: PS/2 mouse device common for all mice
[    0.848324] input: AT Translated Set 2 keyboard as /devices/platform/i8042/serio0/input/input2
[    0.848720] rtc_cmos rtc_cmos: rtc core: registered rtc_cmos as rtc0
[    0.854156] rtc_cmos rtc_cmos: alarms up to one day, 114 bytes nvram
[    0.856379] i2c /dev entries driver
[    0.857800] device-mapper: uevent: version 1.0.3
[    0.859660] device-mapper: ioctl: 4.37.0-ioctl (2017-09-20) initialised: dm-devel@redhat.com
[    0.862876] ledtrig-cpu: registered to indicate activity on CPUs
[    0.866426] NET: Registered protocol family 10
[    0.872795] Segment Routing with IPv6
[    0.874183] NET: Registered protocol family 17
[    0.876088] Key type dns_resolver registered
[    0.878069] mce: Using 0 MCE banks
[    0.879363] RAS: Correctable Errors collector initialized.
[    0.881397] sched_clock: Marking stable (881373442, 0)->(1159027572, -277654130)
[    0.885783] registered taskstats version 1
[    0.887272] Loading compiled-in X.509 certificates
[    0.891376] Loaded X.509 cert 'Build time autogenerated kernel key: b9e621348ccbcfe28d0c51e4c3b595dc856bdd44'
[    0.895360] Loaded X.509 cert 'Canonical Ltd. Live Patch Signing: 14df34d1a87cf37625abec039ef2bf521249b969'
[    0.899182] Loaded X.509 cert 'Canonical Ltd. Kernel Module Signing: 88f752e560a1e0737e31163a466ad7b70a850c19'
[    0.903018] blacklist: Loading compiled-in revocation X.509 certificates
[    0.905563] Loaded X.509 cert 'Canonical Ltd. Secure Boot Signing: 61482aa2830d0ab2ad5af10b7250da9033ddcef0'
[    0.909150] zswap: loaded using pool lzo/zbud
[    0.915423] Key type big_key registered
[    0.917019] Key type trusted registered
[    0.920728] Key type encrypted registered
[    0.922382] AppArmor: AppArmor sha1 policy hashing enabled
[    0.924514] ima: No TPM chip found, activating TPM-bypass! (rc=-19)
[    0.926803] ima: Allocated hash algorithm: sha1
[    0.928627] evm: HMAC attrs: 0x1
[    0.930279]   Magic number: 10:468:687
[    0.932133] rtc_cmos rtc_cmos: setting system clock to 2022-10-11 14:41:38 UTC (1665499298)
[    0.935441] BIOS EDD facility v0.16 2004-Jun-25, 0 devices found
[    0.937873] EDD information not available.
[    1.013123] Freeing unused kernel image memory: 2468K
[    1.028630] Write protecting the kernel read-only data: 20480k
[    1.032422] Freeing unused kernel image memory: 2008K
[    1.034672] Freeing unused kernel image memory: 1820K
[    1.040056] x86/mm: Checked W+X mappings: passed, no W+X pages found.
Loading, please wait...
starting version 237
[    1.089860] e1000: Intel(R) PRO/1000 Network Driver - version 7.3.21-k8-NAPI
[    1.092622] e1000: Copyright (c) 1999-2006 Intel Corporation.
[    1.100298] Fusion MPT base driver 3.04.20
[    1.101999] Copyright (c) 1999-2008 LSI Corporation
[    1.111234] Fusion MPT SPI Host driver 3.04.20
[    1.311128] input: ImExPS/2 Generic Explorer Mouse as /devices/platform/i8042/serio1/input/input4
[    1.551872] e1000 0000:00:03.0 eth0: (PCI:33MHz:32-bit) 02:82:9c:d7:3d:6a
[    1.554365] e1000 0000:00:03.0 eth0: Intel(R) PRO/1000 Network Connection
[    1.558065] mptbase: ioc0: Initiating bringup
[    1.674200] ioc0: LSI53C1030 A0: Capabilities={Initiator}
[    2.328636] scsi host2: ioc0: LSI53C1030 A0, FwRev=00000000h, Ports=1, MaxQ=256, IRQ=20
[    3.149842] scsi 2:0:0:0: Direct-Access     VBOX     HARDDISK         1.0  PQ: 0 ANSI: 5
[    3.188191] scsi target2:0:0: Beginning Domain Validation
[    3.194477] scsi target2:0:0: Domain Validation skipping write tests
[    3.197202] scsi target2:0:0: Ending Domain Validation
[    3.199425] scsi target2:0:0: asynchronous
[    3.201922] scsi 2:0:1:0: Direct-Access     VBOX     HARDDISK         1.0  PQ: 0 ANSI: 5
[    3.548660] scsi target2:0:1: Beginning Domain Validation
[    3.554545] random: fast init done
[    3.557061] scsi target2:0:1: Domain Validation skipping write tests
[    3.559356] scsi target2:0:1: Ending Domain Validation
[    3.561428] scsi target2:0:1: asynchronous
[    3.568661] sd 2:0:0:0: Attached scsi generic sg0 type 0
[    3.568691] random: systemd-udevd: uninitialized urandom read (16 bytes read)
[    3.570717] sd 2:0:1:0: Attached scsi generic sg1 type 0
[    3.573675] sd 2:0:1:0: [sdb] 20480 512-byte logical blocks: (10.5 MB/10.0 MiB)
[    3.578085] random: systemd-udevd: uninitialized urandom read (16 bytes read)
[    3.580674] random: systemd-udevd: uninitialized urandom read (16 bytes read)
[    3.583474] sd 2:0:1:0: [sdb] Write Protect is off
[    3.585486] sd 2:0:0:0: [sda] 83886080 512-byte logical blocks: (42.9 GB/40.0 GiB)
[    3.588972] sd 2:0:0:0: [sda] Write Protect is off
[    3.590957] sd 2:0:0:0: [sda] Incomplete mode parameter data
[    3.593115] sd 2:0:0:0: [sda] Assuming drive cache: write through
[    3.595518] sd 2:0:1:0: [sdb] Incomplete mode parameter data
[    3.596881] e1000 0000:00:08.0 eth1: (PCI:33MHz:32-bit) 08:00:27:66:ed:97
[    3.597604] sd 2:0:1:0: [sdb] Assuming drive cache: write through
[    3.599880] e1000 0000:00:08.0 eth1: Intel(R) PRO/1000 Network Connection
[    3.605185]  sda: sda1
[    3.607972] sd 2:0:0:0: [sda] Attached SCSI disk
[    3.610073] sd 2:0:1:0: [sdb] Attached SCSI disk
[    3.612935] e1000 0000:00:08.0 enp0s8: renamed from eth1
[    3.629472] e1000 0000:00:03.0 enp0s3: renamed from eth0
Begin: Loading essential drivers ... 